<?xml version="1.0" encoding="UTF-8"?>
<!-- Generated by org.testng.reporters.JUnitReportReporter -->
<testsuite skipped="0" hostname="DDC2-D-43L4N62" name="MyDemo_01.MyDemo_01.NewTest" tests="1" failures="0" timestamp="22 Jul 2019 08:43:15 GMT" time="0.803" errors="0">
  <testcase name="f" time="0.803" classname="MyDemo_01.MyDemo_01.NewTest"/>
</testsuite> <!-- MyDemo_01.MyDemo_01.NewTest -->
